This file contains any messages produced by compilers while
running configure, to aid debugging if configure makes a mistake.

It was created by zfs-test configure 0.9, which was
generated by GNU Autoconf 2.69.  Invocation command line was

  $ ./configure CC=clang CXX=clang++

## --------- ##
## Platform. ##
## --------- ##

hostname = big-vm-mac
uname -m = x86_64
uname -r = 14.3.0
uname -s = Darwin
uname -v = Darwin Kernel Version 14.3.0: Mon Mar 23 11:59:05 PDT 2015; root:xnu-2782.20.48~5/RELEASE_X86_64

/usr/bin/uname -p = i386
/bin/uname -X     = unknown

/bin/arch              = unknown
/usr/bin/arch -k       = unknown
/usr/convex/getsysinfo = unknown
/usr/bin/hostinfo      = Mach kernel version:
	 Darwin Kernel Version 14.3.0: Mon Mar 23 11:59:05 PDT 2015; root:xnu-2782.20.48~5/RELEASE_X86_64
Kernel configured for up to 4 processors.
4 processors are physically available.
4 processors are logically available.
Processor type: i486 (Intel 80486)
Processors active: 0 1 2 3
Primary memory available: 4.00 gigabytes
Default processor set: 177 tasks, 696 threads, 4 processors
Load average: 2.27, Mach factor: 2.07
/bin/machine           = unknown
/usr/bin/oslevel       = unknown
/bin/universe          = unknown

PATH: /usr/local/bin
PATH: /usr/bin
PATH: /bin
PATH: /usr/sbin
PATH: /sbin


## ----------- ##
## Core tests. ##
## ----------- ##

configure:2005: checking build system type
configure:2019: result: x86_64-apple-darwin14.3.0
configure:2039: checking host system type
configure:2052: result: x86_64-apple-darwin14.3.0
configure:2072: checking target system type
configure:2085: result: x86_64-apple-darwin14.3.0
configure:2113: checking whether to enable maintainer-specific portions of Makefiles
configure:2122: result: no
configure:2146: checking whether make supports nested variables
configure:2163: result: yes
configure:2190: checking for a BSD-compatible install
configure:2258: result: /usr/local/bin/ginstall -c
configure:2269: checking whether build environment is sane
configure:2324: result: yes
configure:2475: checking for a thread-safe mkdir -p
configure:2514: result: /usr/local/bin/gmkdir -p
configure:2521: checking for gawk
configure:2537: found /usr/local/bin/gawk
configure:2548: result: gawk
configure:2559: checking whether make sets $(MAKE)
configure:2581: result: yes
configure:2763: checking for gcc
configure:2790: result: clang
configure:3019: checking for C compiler version
configure:3028: clang --version >&5
Apple LLVM version 6.1.0 (clang-602.0.53) (based on LLVM 3.6.0svn)
Target: x86_64-apple-darwin14.3.0
Thread model: posix
configure:3039: $? = 0
configure:3028: clang -v >&5
Apple LLVM version 6.1.0 (clang-602.0.53) (based on LLVM 3.6.0svn)
Target: x86_64-apple-darwin14.3.0
Thread model: posix
configure:3039: $? = 0
configure:3028: clang -V >&5
clang: error: argument to '-V' is missing (expected 1 value)
clang: error: no input files
configure:3039: $? = 1
configure:3028: clang -qversion >&5
clang: error: unknown argument: '-qversion'
clang: error: no input files
configure:3039: $? = 1
configure:3059: checking whether the C compiler works
configure:3081: clang    conftest.c  >&5
configure:3085: $? = 0
configure:3133: result: yes
configure:3136: checking for C compiler default output file name
configure:3138: result: a.out
configure:3144: checking for suffix of executables
configure:3151: clang -o conftest    conftest.c  >&5
configure:3155: $? = 0
configure:3177: result: 
configure:3199: checking whether we are cross compiling
configure:3207: clang -o conftest    conftest.c  >&5
configure:3211: $? = 0
configure:3218: ./conftest
configure:3222: $? = 0
configure:3237: result: no
configure:3242: checking for suffix of object files
configure:3264: clang -c   conftest.c >&5
configure:3268: $? = 0
configure:3289: result: o
configure:3293: checking whether we are using the GNU C compiler
configure:3312: clang -c   conftest.c >&5
configure:3312: $? = 0
configure:3321: result: yes
configure:3330: checking whether clang accepts -g
configure:3350: clang -c -g  conftest.c >&5
configure:3350: $? = 0
configure:3391: result: yes
configure:3408: checking for clang option to accept ISO C89
configure:3471: clang  -c -g -O2  conftest.c >&5
configure:3471: $? = 0
configure:3484: result: none needed
configure:3509: checking whether clang understands -c and -o together
configure:3531: clang -c conftest.c -o conftest2.o
configure:3534: $? = 0
configure:3531: clang -c conftest.c -o conftest2.o
configure:3534: $? = 0
configure:3546: result: yes
configure:3574: checking for style of include used by make
configure:3602: result: GNU
configure:3628: checking dependency style of clang
configure:3739: result: gcc3
configure:3764: checking dependency style of clang
configure:3873: result: gcc3
configure:3940: checking for arp
configure:3958: found /usr/sbin/arp
configure:3970: result: /usr/sbin/arp
configure:4038: checking for awk
configure:4056: found /usr/local/bin/awk
configure:4068: result: /usr/local/bin/awk
configure:4136: checking for basename
configure:4154: found /usr/bin/basename
configure:4166: result: /usr/bin/basename
configure:4234: checking for bc
configure:4252: found /usr/bin/bc
configure:4264: result: /usr/bin/bc
configure:4332: checking for bunzip2
configure:4350: found /usr/bin/bunzip2
configure:4362: result: /usr/bin/bunzip2
configure:4430: checking for bzcat
configure:4448: found /usr/bin/bzcat
configure:4460: result: /usr/bin/bzcat
configure:4528: checking for cat
configure:4546: found /bin/cat
configure:4558: result: /bin/cat
configure:4626: checking for cd
configure:4644: found /usr/bin/cd
configure:4656: result: /usr/bin/cd
configure:4723: checking for chgrp
configure:4741: found /usr/bin/chgrp
configure:4753: result: /usr/bin/chgrp
configure:4821: checking for chmod
configure:4839: found /bin/chmod
configure:4851: result: /bin/chmod
configure:4919: checking for chown
configure:4937: found /usr/sbin/chown
configure:4949: result: /usr/sbin/chown
configure:5017: checking for cksum
configure:5035: found /usr/bin/cksum
configure:5047: result: /usr/bin/cksum
configure:5115: checking for cmp
configure:5133: found /usr/bin/cmp
configure:5145: result: /usr/bin/cmp
configure:5213: checking for cp
configure:5231: found /bin/cp
configure:5243: result: /bin/cp
configure:5311: checking for cpio
configure:5329: found /usr/bin/cpio
configure:5341: result: /usr/bin/cpio
configure:5409: checking for cut
configure:5427: found /usr/bin/cut
configure:5439: result: /usr/bin/cut
configure:5507: checking for date
configure:5525: found /bin/date
configure:5537: result: /bin/date
configure:5605: checking for dd
configure:5623: found /bin/dd
configure:5635: result: /bin/dd
configure:5703: checking for df
configure:5721: found /bin/df
configure:5733: result: /bin/df
configure:5801: checking for diff
configure:5819: found /usr/bin/diff
configure:5831: result: /usr/bin/diff
configure:5899: checking for dirname
configure:5917: found /usr/bin/dirname
configure:5929: result: /usr/bin/dirname
configure:5997: checking for du
configure:6015: found /usr/bin/du
configure:6027: result: /usr/bin/du
configure:6095: checking for echo
configure:6113: found /bin/echo
configure:6125: result: /bin/echo
configure:6193: checking for egrep
configure:6211: found /usr/bin/egrep
configure:6223: result: /usr/bin/egrep
configure:6291: checking for fdisk
configure:6309: found /usr/sbin/fdisk
configure:6321: result: /usr/sbin/fdisk
configure:6389: checking for fgrep
configure:6407: found /usr/bin/fgrep
configure:6419: result: /usr/bin/fgrep
configure:6487: checking for file
configure:6505: found /usr/bin/file
configure:6517: result: /usr/bin/file
configure:6585: checking for find
configure:6603: found /usr/bin/find
configure:6615: result: /usr/bin/find
configure:6683: checking for fsck
configure:6701: found /sbin/fsck
configure:6713: result: /sbin/fsck
configure:6781: checking for dd
configure:6799: found /bin/dd
configure:6811: result: /bin/dd
configure:6879: checking for getent
configure:6912: result: no
configure:6977: checking for grep
configure:6995: found /usr/bin/grep
configure:7007: result: /usr/bin/grep
configure:7075: checking for groupadd
configure:7108: result: no
configure:7173: checking for groupdel
configure:7206: result: no
configure:7271: checking for groupmod
configure:7304: result: no
configure:7369: checking for groups
configure:7387: found /usr/bin/groups
configure:7399: result: /usr/bin/groups
configure:7467: checking for head
configure:7485: found /usr/bin/head
configure:7497: result: /usr/bin/head
configure:7565: checking for hostname
configure:7583: found /bin/hostname
configure:7595: result: /bin/hostname
configure:7663: checking for id
configure:7681: found /usr/bin/id
configure:7693: result: /usr/bin/id
configure:7761: checking for iscsiadm
configure:7794: result: no
configure:7859: checking for kill
configure:7877: found /bin/kill
configure:7889: result: /bin/kill
configure:7957: checking for ksh
configure:7975: found /bin/ksh
configure:7987: result: /bin/ksh
configure:8055: checking for logname
configure:8073: found /usr/bin/logname
configure:8085: result: /usr/bin/logname
configure:8153: checking for ls
configure:8171: found /bin/ls
configure:8183: result: /bin/ls
configure:8251: checking for md5sum
configure:8284: result: no
configure:8349: checking for mkdir
configure:8367: found /bin/mkdir
configure:8379: result: /bin/mkdir
configure:8447: checking for mkfile
configure:8465: found /usr/sbin/mkfile
configure:8477: result: /usr/sbin/mkfile
configure:8545: checking for mknod
configure:8563: found /sbin/mknod
configure:8575: result: /sbin/mknod
configure:8643: checking for modinfo
configure:8676: result: no
configure:8741: checking for mount
configure:8759: found /sbin/mount
configure:8771: result: /sbin/mount
configure:8839: checking for mv
configure:8857: found /bin/mv
configure:8869: result: /bin/mv
configure:8937: checking for nawk
configure:8970: result: no
configure:9035: checking for pax
configure:9053: found /bin/pax
configure:9065: result: /bin/pax
configure:9133: checking for pgrep
configure:9151: found /usr/bin/pgrep
configure:9163: result: /usr/bin/pgrep
configure:9231: checking for ping
configure:9249: found /sbin/ping
configure:9261: result: /sbin/ping
configure:9329: checking for pkill
configure:9347: found /usr/bin/pkill
configure:9359: result: /usr/bin/pkill
configure:9427: checking for printf
configure:9445: found /usr/bin/printf
configure:9457: result: /usr/bin/printf
configure:9525: checking for ps
configure:9543: found /bin/ps
configure:9555: result: /bin/ps
configure:9623: checking for pwd
configure:9653: result: /Users/brendon/Developer/zfs-test
configure:9721: checking for python
configure:9739: found /usr/bin/python
configure:9751: result: /usr/bin/python
configure:9819: checking for rcp
configure:9837: found /bin/rcp
configure:9849: result: /bin/rcp
configure:9917: checking for reboot
configure:9935: found /sbin/reboot
configure:9947: result: /sbin/reboot
configure:10015: checking for rm
configure:10033: found /bin/rm
configure:10045: result: /bin/rm
configure:10113: checking for rmdir
configure:10131: found /bin/rmdir
configure:10143: result: /bin/rmdir
configure:10211: checking for rsh
configure:10229: found /usr/bin/rsh
configure:10241: result: /usr/bin/rsh
configure:10309: checking for sed
configure:10327: found /usr/bin/sed
configure:10339: result: /usr/bin/sed
configure:10407: checking for shuf
configure:10440: result: no
configure:10505: checking for sleep
configure:10523: found /bin/sleep
configure:10535: result: /bin/sleep
configure:10603: checking for sort
configure:10621: found /usr/bin/sort
configure:10633: result: /usr/bin/sort
configure:10701: checking for strings
configure:10719: found /usr/bin/strings
configure:10731: result: /usr/bin/strings
configure:10799: checking for su
configure:10817: found /usr/bin/su
configure:10829: result: /usr/bin/su
configure:10897: checking for sum
configure:10915: found /usr/bin/sum
configure:10927: result: /usr/bin/sum
configure:10995: checking for sync
configure:11013: found /bin/sync
configure:11025: result: /bin/sync
configure:11093: checking for tail
configure:11111: found /usr/bin/tail
configure:11123: result: /usr/bin/tail
configure:11191: checking for tar
configure:11209: found /usr/bin/tar
configure:11221: result: /usr/bin/tar
configure:11289: checking for touch
configure:11307: found /usr/bin/touch
configure:11319: result: /usr/bin/touch
configure:11387: checking for tr
configure:11405: found /usr/bin/tr
configure:11417: result: /usr/bin/tr
configure:11485: checking for true
configure:11503: found /usr/bin/true
configure:11515: result: /usr/bin/true
configure:11583: checking for umask
configure:11601: found /usr/bin/umask
configure:11613: result: /usr/bin/umask
configure:11681: checking for umount
configure:11699: found /sbin/umount
configure:11711: result: /sbin/umount
configure:11779: checking for uname
configure:11797: found /usr/bin/uname
configure:11809: result: /usr/bin/uname
configure:11877: checking for uniq
configure:11895: found /usr/bin/uniq
configure:11907: result: /usr/bin/uniq
configure:11975: checking for useradd
configure:12008: result: no
configure:12073: checking for userdel
configure:12106: result: no
configure:12171: checking for usermod
configure:12204: result: no
configure:12269: checking for wait
configure:12287: found /usr/bin/wait
configure:12299: result: /usr/bin/wait
configure:12366: checking for wc
configure:12384: found /usr/bin/wc
configure:12396: result: /usr/bin/wc
configure:12464: checking for zdb
configure:12482: found /usr/sbin/zdb
configure:12494: result: /usr/sbin/zdb
configure:12562: checking for zfs
configure:12580: found /usr/sbin/zfs
configure:12592: result: /usr/sbin/zfs
configure:12660: checking for zhack
configure:12678: found /usr/sbin/zhack
configure:12690: result: /usr/sbin/zhack
configure:12758: checking for zpool
configure:12776: found /usr/sbin/zpool
configure:12788: result: /usr/sbin/zpool
configure:12864: checking for gzip
configure:12882: found /usr/bin/gzip
configure:12894: result: /usr/bin/gzip
configure:12962: checking for parted
configure:12995: result: no
configure:13060: checking for lsof
configure:13078: found /usr/sbin/lsof
configure:13090: result: /usr/sbin/lsof
configure:13158: checking for rmmod
configure:13191: result: no
configure:13256: checking for mke2fs
configure:13289: result: no
configure:13354: checking for jar
configure:13372: found /usr/bin/jar
configure:13384: result: /usr/bin/jar
configure:13452: checking for exportfs
configure:13485: result: no
configure:13550: checking for swapon
configure:13583: result: no
configure:13648: checking for tune2fs
configure:13681: result: no
configure:13746: checking for dump
configure:13779: result: no
configure:13844: checking for restore
configure:13877: result: no
configure:13942: checking for gunzip
configure:13960: found /usr/bin/gunzip
configure:13972: result: /usr/bin/gunzip
configure:14040: checking for jar
configure:14058: found /usr/bin/jar
configure:14070: result: /usr/bin/jar
configure:14138: checking for exportfs
configure:14171: result: no
configure:14236: checking for getent
configure:14269: result: no
configure:14334: checking for kpartx
configure:14367: result: no
configure:14432: checking for getfacl
configure:14465: result: no
configure:14530: checking for setfacl
configure:14563: result: no
configure:14628: checking for chacl
configure:14661: result: no
configure:14681: checking for /etc/mtab
configure:14694: result: yes
configure:14747: checking for clri
configure:14780: result: no
configure:14845: checking for compress
configure:14875: result: /usr/bin/gzip
configure:14943: checking for coreadm
configure:14976: result: no
configure:15041: checking for devfsadm
configure:15074: result: no
configure:15139: checking for dircmp
configure:15172: result: no
configure:15237: checking for dumpadm
configure:15270: result: no
configure:15335: checking for ff
configure:15368: result: no
configure:15433: checking for fmadm
configure:15466: result: no
configure:15531: checking for fmdump
configure:15564: result: no
configure:15629: checking for format
configure:15662: result: no
configure:15727: checking for fsdb
configure:15760: result: no
configure:15825: checking for fsirand
configure:15858: result: no
configure:15923: checking for fstyp
configure:15941: found /sbin/fstyp
configure:15953: result: /sbin/fstyp
configure:16021: checking for getmajor
configure:16054: result: no
configure:16119: checking for isainfo
configure:16152: result: no
configure:16217: checking for kstat
configure:16250: result: no
configure:16315: checking for labelit
configure:16348: result: no
configure:16413: checking for lockfs
configure:16443: result: /usr/sbin/lsof
configure:16511: checking for lofiadm
configure:16544: result: no
configure:16609: checking for mdb
configure:16642: result: no
configure:16707: checking for metaclear
configure:16740: result: no
configure:16805: checking for metadb
configure:16838: result: no
configure:16903: checking for metainit
configure:16936: result: no
configure:17001: checking for metastat
configure:17034: result: no
configure:17099: checking for modunload
configure:17132: result: no
configure:17197: checking for ncheck
configure:17230: result: no
configure:17295: checking for newfs
configure:17328: result: no
configure:17393: checking for pack
configure:17423: result: /usr/bin/jar
configure:17491: checking for pagesize
configure:17509: found /usr/bin/pagesize
configure:17521: result: /usr/bin/pagesize
configure:17589: checking for pfexec
configure:17622: result: no
configure:17687: checking for pkginfo
configure:17720: result: no
configure:17785: checking for ppriv
configure:17818: result: no
configure:17883: checking for prtvtoc
configure:17916: result: no
configure:17981: checking for psrinfo
configure:18014: result: no
configure:18079: checking for quotaon
configure:18097: found /usr/sbin/quotaon
configure:18109: result: /usr/sbin/quotaon
configure:18177: checking for runat
configure:18210: result: no
configure:18275: checking for share
configure:18308: result: no
configure:18373: checking for svcadm
configure:18406: result: no
configure:18471: checking for svcs
configure:18504: result: no
configure:18569: checking for swap
configure:18602: result: no
configure:18667: checking for swapadd
configure:18700: result: no
configure:18765: checking for tunefs
configure:18798: result: no
configure:18863: checking for ufsdump
configure:18896: result: no
configure:18961: checking for ufsrestore
configure:18994: result: no
configure:19059: checking for umountall
configure:19092: result: no
configure:19157: checking for uncompress
configure:19187: result: /usr/bin/gunzip
configure:19255: checking for unpack
configure:19285: result: /usr/bin/jar
configure:19353: checking for unshare
configure:19386: result: no
configure:19451: checking for zlogin
configure:19484: result: no
configure:19549: checking for zoneadm
configure:19582: result: no
configure:19647: checking for zonecfg
configure:19680: result: no
configure:19745: checking for zonename
configure:19778: result: no
configure:19798: checking for /etc/mnttab
configure:19811: result: no
configure:19820: checking if OS is Darwin
configure:19831: result: yes
configure:19989: checking that generated files are newer than configure
configure:19995: result: done
configure:20022: creating ./config.status

## ---------------------- ##
## Running config.status. ##
## ---------------------- ##

This file was extended by zfs-test config.status 0.9, which was
generated by GNU Autoconf 2.69.  Invocation command line was

  CONFIG_FILES    = 
  CONFIG_HEADERS  = 
  CONFIG_LINKS    = 
  CONFIG_COMMANDS = 
  $ ./config.status 

on big-vm-mac

config.status:957: creating Makefile
config.status:957: creating test/zfs-tests/cmd/largest_file/Makefile
config.status:957: creating test/zfs-tests/cmd/mkbusy/Makefile
config.status:957: creating test/zfs-tests/cmd/file_trunc/Makefile
config.status:957: creating test/zfs-tests/cmd/readmmap/Makefile
config.status:957: creating test/zfs-tests/cmd/file_write/Makefile
config.status:957: creating test/zfs-tests/cmd/randfree_file/Makefile
config.status:957: creating test/zfs-tests/cmd/mktree/Makefile
config.status:957: creating test/zfs-tests/cmd/file_check/Makefile
config.status:957: creating test/zfs-tests/cmd/rm_lnkcnt_zero_file/Makefile
config.status:957: creating test/zfs-tests/cmd/chg_usr_exec/Makefile
config.status:957: creating test/zfs-tests/cmd/mmapwrite/Makefile
config.status:957: creating test/zfs-tests/tests/functional/exec/Makefile
config.status:957: creating test/zfs-tests/tests/functional/ctime/Makefile
config.status:957: creating test/zfs-tests/include/commands.cfg
config.status:957: creating test/zfs-tests/runfiles/osx.run
config.status:957: creating test/zfs-tests/include/default.cfg
config.status:1129: executing depfiles commands

## ---------------- ##
## Cache variables. ##
## ---------------- ##

ac_cv_build=x86_64-apple-darwin14.3.0
ac_cv_c_compiler_gnu=yes
ac_cv_env_CCASFLAGS_set=
ac_cv_env_CCASFLAGS_value=
ac_cv_env_CCAS_set=
ac_cv_env_CCAS_value=
ac_cv_env_CC_set=set
ac_cv_env_CC_value=clang
ac_cv_env_CFLAGS_set=
ac_cv_env_CFLAGS_value=
ac_cv_env_CPPFLAGS_set=
ac_cv_env_CPPFLAGS_value=
ac_cv_env_LDFLAGS_set=
ac_cv_env_LDFLAGS_value=
ac_cv_env_LIBS_set=
ac_cv_env_LIBS_value=
ac_cv_env_build_alias_set=
ac_cv_env_build_alias_value=
ac_cv_env_host_alias_set=
ac_cv_env_host_alias_value=
ac_cv_env_target_alias_set=
ac_cv_env_target_alias_value=
ac_cv_file__etc_mnttab=no
ac_cv_file__etc_mtab=yes
ac_cv_host=x86_64-apple-darwin14.3.0
ac_cv_objext=o
ac_cv_path_ac_pt_ARP=/usr/sbin/arp
ac_cv_path_ac_pt_AWK=/usr/local/bin/awk
ac_cv_path_ac_pt_BASENAME=/usr/bin/basename
ac_cv_path_ac_pt_BC=/usr/bin/bc
ac_cv_path_ac_pt_BUNZIP2=/usr/bin/bunzip2
ac_cv_path_ac_pt_BZCAT=/usr/bin/bzcat
ac_cv_path_ac_pt_CAT=/bin/cat
ac_cv_path_ac_pt_CD=/usr/bin/cd
ac_cv_path_ac_pt_CHGRP=/usr/bin/chgrp
ac_cv_path_ac_pt_CHMOD=/bin/chmod
ac_cv_path_ac_pt_CHOWN=/usr/sbin/chown
ac_cv_path_ac_pt_CKSUM=/usr/bin/cksum
ac_cv_path_ac_pt_CMD_GROUPS=/usr/bin/groups
ac_cv_path_ac_pt_CMP=/usr/bin/cmp
ac_cv_path_ac_pt_COMPRESS=/usr/bin/gzip
ac_cv_path_ac_pt_CP=/bin/cp
ac_cv_path_ac_pt_CPIO=/usr/bin/cpio
ac_cv_path_ac_pt_CUT=/usr/bin/cut
ac_cv_path_ac_pt_DATE=/bin/date
ac_cv_path_ac_pt_DD=/bin/dd
ac_cv_path_ac_pt_DF=/bin/df
ac_cv_path_ac_pt_DIFF=/usr/bin/diff
ac_cv_path_ac_pt_DIRNAME=/usr/bin/dirname
ac_cv_path_ac_pt_DU=/usr/bin/du
ac_cv_path_ac_pt_ECHO=/bin/echo
ac_cv_path_ac_pt_EGREP=/usr/bin/egrep
ac_cv_path_ac_pt_FDISK=/usr/sbin/fdisk
ac_cv_path_ac_pt_FGREP=/usr/bin/fgrep
ac_cv_path_ac_pt_FILE=/usr/bin/file
ac_cv_path_ac_pt_FIND=/usr/bin/find
ac_cv_path_ac_pt_FSCK=/sbin/fsck
ac_cv_path_ac_pt_FSTYP=/sbin/fstyp
ac_cv_path_ac_pt_GNUDD=/bin/dd
ac_cv_path_ac_pt_GREP=/usr/bin/grep
ac_cv_path_ac_pt_HEAD=/usr/bin/head
ac_cv_path_ac_pt_HOSTNAME=/bin/hostname
ac_cv_path_ac_pt_ID=/usr/bin/id
ac_cv_path_ac_pt_KILL=/bin/kill
ac_cv_path_ac_pt_KSH=/bin/ksh
ac_cv_path_ac_pt_LOCKFS=/usr/sbin/lsof
ac_cv_path_ac_pt_LOGNAME=/usr/bin/logname
ac_cv_path_ac_pt_LS=/bin/ls
ac_cv_path_ac_pt_MKDIR=/bin/mkdir
ac_cv_path_ac_pt_MKFILE=/usr/sbin/mkfile
ac_cv_path_ac_pt_MKNOD=/sbin/mknod
ac_cv_path_ac_pt_MOUNT=/sbin/mount
ac_cv_path_ac_pt_MV=/bin/mv
ac_cv_path_ac_pt_PACK=/usr/bin/jar
ac_cv_path_ac_pt_PAGESIZE=/usr/bin/pagesize
ac_cv_path_ac_pt_PAX=/bin/pax
ac_cv_path_ac_pt_PGREP=/usr/bin/pgrep
ac_cv_path_ac_pt_PING=/sbin/ping
ac_cv_path_ac_pt_PKILL=/usr/bin/pkill
ac_cv_path_ac_pt_PRINTF=/usr/bin/printf
ac_cv_path_ac_pt_PS=/bin/ps
ac_cv_path_ac_pt_PWD=/Users/brendon/Developer/zfs-test
ac_cv_path_ac_pt_PYTHON=/usr/bin/python
ac_cv_path_ac_pt_QUOTAON=/usr/sbin/quotaon
ac_cv_path_ac_pt_RCP=/bin/rcp
ac_cv_path_ac_pt_REBOOT=/sbin/reboot
ac_cv_path_ac_pt_RM=/bin/rm
ac_cv_path_ac_pt_RMDIR=/bin/rmdir
ac_cv_path_ac_pt_RSH=/usr/bin/rsh
ac_cv_path_ac_pt_SED=/usr/bin/sed
ac_cv_path_ac_pt_SLEEP=/bin/sleep
ac_cv_path_ac_pt_SORT=/usr/bin/sort
ac_cv_path_ac_pt_STRINGS=/usr/bin/strings
ac_cv_path_ac_pt_SU=/usr/bin/su
ac_cv_path_ac_pt_SUM=/usr/bin/sum
ac_cv_path_ac_pt_SYNC=/bin/sync
ac_cv_path_ac_pt_TAIL=/usr/bin/tail
ac_cv_path_ac_pt_TAR=/usr/bin/tar
ac_cv_path_ac_pt_TOUCH=/usr/bin/touch
ac_cv_path_ac_pt_TR=/usr/bin/tr
ac_cv_path_ac_pt_TRUE=/usr/bin/true
ac_cv_path_ac_pt_UMASK=/usr/bin/umask
ac_cv_path_ac_pt_UMOUNT=/sbin/umount
ac_cv_path_ac_pt_UNAME=/usr/bin/uname
ac_cv_path_ac_pt_UNCOMPRESS=/usr/bin/gunzip
ac_cv_path_ac_pt_UNIQ=/usr/bin/uniq
ac_cv_path_ac_pt_UNPACK=/usr/bin/jar
ac_cv_path_ac_pt_WAIT=/usr/bin/wait
ac_cv_path_ac_pt_WC=/usr/bin/wc
ac_cv_path_ac_pt_ZDB=/usr/sbin/zdb
ac_cv_path_ac_pt_ZFS=/usr/sbin/zfs
ac_cv_path_ac_pt_ZHACK=/usr/sbin/zhack
ac_cv_path_ac_pt_ZPOOL=/usr/sbin/zpool
ac_cv_path_install='/usr/local/bin/ginstall -c'
ac_cv_path_mkdir=/usr/local/bin/gmkdir
ac_cv_prog_AWK=gawk
ac_cv_prog_ac_ct_CC=clang
ac_cv_prog_cc_c89=
ac_cv_prog_cc_g=yes
ac_cv_prog_make_make_set=yes
ac_cv_target=x86_64-apple-darwin14.3.0
am_cv_CCAS_dependencies_compiler_type=gcc3
am_cv_CC_dependencies_compiler_type=gcc3
am_cv_make_support_nested_variables=yes
am_cv_prog_cc_c_o=yes

## ----------------- ##
## Output variables. ##
## ----------------- ##

ACLOCAL='${SHELL} /Users/brendon/Developer/zfs-test/config/missing aclocal-1.15'
AMDEPBACKSLASH='\'
AMDEP_FALSE='#'
AMDEP_TRUE=''
AMTAR='$${TAR-tar}'
AM_BACKSLASH='\'
AM_DEFAULT_V='$(AM_DEFAULT_VERBOSITY)'
AM_DEFAULT_VERBOSITY='0'
AM_V='$(V)'
ARP='/usr/sbin/arp'
AUTOCONF='${SHELL} /Users/brendon/Developer/zfs-test/config/missing autoconf'
AUTOHEADER='${SHELL} /Users/brendon/Developer/zfs-test/config/missing autoheader'
AUTOMAKE='${SHELL} /Users/brendon/Developer/zfs-test/config/missing automake-1.15'
AWK='/usr/local/bin/awk'
BASENAME='/usr/bin/basename'
BC='/usr/bin/bc'
BUNZIP2='/usr/bin/bunzip2'
BZCAT='/usr/bin/bzcat'
CAT='/bin/cat'
CC='clang'
CCAS='clang'
CCASDEPMODE='depmode=gcc3'
CCASFLAGS='-g -O2'
CCDEPMODE='depmode=gcc3'
CD='/usr/bin/cd'
CFLAGS='-g -O2'
CHACL=''
CHGRP='/usr/bin/chgrp'
CHMOD='/bin/chmod'
CHOWN='/usr/sbin/chown'
CKSUM='/usr/bin/cksum'
CLRI=''
CMD_GROUPS='/usr/bin/groups'
CMP='/usr/bin/cmp'
COMPRESS='/usr/bin/gzip'
COREADM=''
CP='/bin/cp'
CPIO='/usr/bin/cpio'
CPPFLAGS=''
CUT='/usr/bin/cut'
CYGPATH_W='echo'
DARWIN='yes'
DATE='/bin/date'
DD='/bin/dd'
DEFS='-DPACKAGE_NAME=\"zfs-test\" -DPACKAGE_TARNAME=\"zfs-test\" -DPACKAGE_VERSION=\"0.9\" -DPACKAGE_STRING=\"zfs-test\ 0.9\" -DPACKAGE_BUGREPORT=\"\" -DPACKAGE_URL=\"\" -DPACKAGE=\"zfs-test\" -DVERSION=\"0.9\"'
DEPDIR='.deps'
DEVFSADM=''
DF='/bin/df'
DIFF='/usr/bin/diff'
DIRCMP=''
DIRNAME='/usr/bin/dirname'
DU='/usr/bin/du'
DUMPADM=''
ECHO='/bin/echo'
ECHO_C='\c'
ECHO_N=''
ECHO_T=''
EGREP='/usr/bin/egrep'
EXEEXT=''
FDISK='/usr/sbin/fdisk'
FF=''
FGREP='/usr/bin/fgrep'
FILE='/usr/bin/file'
FIND='/usr/bin/find'
FMADM=''
FMDUMP=''
FORMAT=''
FSCK='/sbin/fsck'
FSDB=''
FSIRAND=''
FSTYP='/sbin/fstyp'
GETENT=''
GETFACL=''
GETMAJOR=''
GNUDD='/bin/dd'
GREP='/usr/bin/grep'
GROUPADD=''
GROUPDEL=''
GROUPMOD=''
HEAD='/usr/bin/head'
HOSTNAME='/bin/hostname'
ID='/usr/bin/id'
INSTALL_DATA='${INSTALL} -m 644'
INSTALL_PROGRAM='${INSTALL}'
INSTALL_SCRIPT='${INSTALL}'
INSTALL_STRIP_PROGRAM='$(install_sh) -c -s'
ISAINFO=''
ISCSIADM=''
KILL='/bin/kill'
KPARTX=''
KSH='/bin/ksh'
KSTAT=''
LABELIT=''
LDFLAGS=''
LIBOBJS=''
LIBS=''
LOCKFS='/usr/sbin/lsof'
LOFIADM=''
LOGNAME='/usr/bin/logname'
LS='/bin/ls'
LTLIBOBJS=''
MAINT='#'
MAINTAINER_MODE_FALSE=''
MAINTAINER_MODE_TRUE='#'
MAKEINFO='${SHELL} /Users/brendon/Developer/zfs-test/config/missing makeinfo'
MD5SUM=''
MDB=''
METACLEAR=''
METADB=''
METAINIT=''
METASTAT=''
MISSING_CMD='MISSING_CMD=/Users/brendon/Developer/zfs-test/scripts/missing_cmd $missingcmd'
MKDIR='/bin/mkdir'
MKDIR_P='/usr/local/bin/gmkdir -p'
MKFILE='/usr/sbin/mkfile'
MKNOD='/sbin/mknod'
MODINFO=''
MODUNLOAD=''
MOUNT='/sbin/mount'
MV='/bin/mv'
NAWK=''
NCHECK=''
NEWFS=''
OBJEXT='o'
PACK='/usr/bin/jar'
PACKAGE='zfs-test'
PACKAGE_BUGREPORT=''
PACKAGE_NAME='zfs-test'
PACKAGE_STRING='zfs-test 0.9'
PACKAGE_TARNAME='zfs-test'
PACKAGE_URL=''
PACKAGE_VERSION='0.9'
PAGESIZE='/usr/bin/pagesize'
PATH_SEPARATOR=':'
PAX='/bin/pax'
PFEXEC=''
PGREP='/usr/bin/pgrep'
PING='/sbin/ping'
PKGINFO=''
PKILL='/usr/bin/pkill'
PPRIV=''
PREFIX='/Users/brendon/Developer/zfs-test/test'
PRINTF='/usr/bin/printf'
PRTVTOC=''
PS='/bin/ps'
PSRINFO=''
PWD='/Users/brendon/Developer/zfs-test'
PYTHON='/usr/bin/python'
QUOTAON='/usr/sbin/quotaon'
RCP='/bin/rcp'
REBOOT='/sbin/reboot'
RM='/bin/rm'
RMDIR='/bin/rmdir'
RSH='/usr/bin/rsh'
RUNAT=''
SED='/usr/bin/sed'
SETFACL=''
SET_MAKE=''
SHARE=''
SHELL='/bin/sh'
SHUF=''
SLEEP='/bin/sleep'
SORT='/usr/bin/sort'
STRINGS='/usr/bin/strings'
STRIP=''
SU='/usr/bin/su'
SUM='/usr/bin/sum'
SVCADM=''
SVCS=''
SWAP=''
SWAPADD=''
SYNC='/bin/sync'
TAIL='/usr/bin/tail'
TAR='/usr/bin/tar'
TOUCH='/usr/bin/touch'
TR='/usr/bin/tr'
TRUE='/usr/bin/true'
TUNEFS=''
UFSDUMP=''
UFSRESTORE=''
UMASK='/usr/bin/umask'
UMOUNT='/sbin/umount'
UMOUNTALL=''
UNAME='/usr/bin/uname'
UNCOMPRESS='/usr/bin/gunzip'
UNIQ='/usr/bin/uniq'
UNPACK='/usr/bin/jar'
UNSHARE=''
USERADD=''
USERDEL=''
USERMOD=''
VERSION='0.9'
WAIT='/usr/bin/wait'
WC='/usr/bin/wc'
ZDB='/usr/sbin/zdb'
ZFS='/usr/sbin/zfs'
ZHACK='/usr/sbin/zhack'
ZLOGIN=''
ZONEADM=''
ZONECFG=''
ZONENAME='echo global'
ZPOOL='/usr/sbin/zpool'
ac_ct_CC='clang'
am__EXEEXT_FALSE=''
am__EXEEXT_TRUE='#'
am__fastdepCCAS_FALSE='#'
am__fastdepCCAS_TRUE=''
am__fastdepCC_FALSE='#'
am__fastdepCC_TRUE=''
am__include='include'
am__isrc=''
am__leading_dot='.'
am__nodep='_no'
am__quote=''
am__tar='$${TAR-tar} chof - "$$tardir"'
am__untar='$${TAR-tar} xf -'
bindir='${exec_prefix}/bin'
build='x86_64-apple-darwin14.3.0'
build_alias=''
build_cpu='x86_64'
build_os='darwin14.3.0'
build_vendor='apple'
datadir='${datarootdir}'
datarootdir='${prefix}/share'
docdir='${datarootdir}/doc/${PACKAGE_TARNAME}'
dvidir='${docdir}'
exec_prefix='${prefix}'
host='x86_64-apple-darwin14.3.0'
host_alias=''
host_cpu='x86_64'
host_os='darwin14.3.0'
host_vendor='apple'
htmldir='${docdir}'
includedir='${prefix}/include'
infodir='${datarootdir}/info'
install_sh='${SHELL} /Users/brendon/Developer/zfs-test/config/install-sh'
libdir='${exec_prefix}/lib'
libexecdir='${exec_prefix}/libexec'
localedir='${datarootdir}/locale'
localstatedir='${prefix}/var'
mandir='${datarootdir}/man'
mkdir_p='$(MKDIR_P)'
oldincludedir='/usr/include'
pdfdir='${docdir}'
prefix='/usr/local'
program_transform_name='s,x,x,'
psdir='${docdir}'
sbindir='${exec_prefix}/sbin'
sharedstatedir='${prefix}/com'
sysconfdir='${prefix}/etc'
target='x86_64-apple-darwin14.3.0'
target_alias=''
target_cpu='x86_64'
target_os='darwin14.3.0'
target_vendor='apple'

## ----------- ##
## confdefs.h. ##
## ----------- ##

/* confdefs.h */
#define PACKAGE_NAME "zfs-test"
#define PACKAGE_TARNAME "zfs-test"
#define PACKAGE_VERSION "0.9"
#define PACKAGE_STRING "zfs-test 0.9"
#define PACKAGE_BUGREPORT ""
#define PACKAGE_URL ""
#define PACKAGE "zfs-test"
#define VERSION "0.9"

configure: exit 0
